Loading required package: future

Attaching package: ‘future’

The following object is masked from ‘package:drake’:

    plan


...............................................................................
...............................................................................
...............................................................................
...............................................................................
...............................................................................
...............................................................................
...............................................................................
...............................................................................
...............................................................................
...............................................................................
...............................................................................
..........................target models_2_4_0_intercept_dat_15L_rdat_directional
.target models_4_4_0_intercept_dat_15L_rdat_directional
.target models_6_4_0_intercept_dat_15L_rdat_directional
.target models_2_7_0_intercept_dat_15L_rdat_directional
.target models_4_7_0_intercept_dat_15L_rdat_directional
.target models_6_7_0_intercept_dat_15L_rdat_directional
.target models_2_2_1_intercept_dat_15L_rdat_directional
.target models_4_2_1_intercept_dat_15L_rdat_directional
.target models_6_2_1_intercept_dat_15L_rdat_directional
.target models_2_3_1_intercept_dat_15L_rdat_directional
.target models_4_3_1_intercept_dat_15L_rdat_directional
.target models_6_3_1_intercept_dat_15L_rdat_directional
.target models_2_4_1_intercept_dat_15L_rdat_directional
.target models_4_4_1_intercept_dat_15L_rdat_directional
.target models_6_4_1_intercept_dat_15L_rdat_directional
.target models_2_7_1_intercept_dat_15L_rdat_directional
.target models_4_7_1_intercept_dat_15L_rdat_directional
